Using pre-set license
Built from '2020.3/staging' branch; Version is '2020.3.25f1 (9b9180224418) revision 10195328'; Using compiler version '192528614'; Build Type 'Release'
OS: 'Windows 11  (10.0.22000) 64bit CoreSingleLanguage' Language: 'en' Physical Memory: 7528 MB
BatchMode: 1, IsHumanControllingUs: 0, StartBugReporterOnCrash: 0, Is64bit: 1, IsPro: 0

COMMAND LINE ARGUMENTS:
C:\Program Files\Unity 2020.3.25f1\Editor\Unity.exe
-adb2
-batchMode
-noUpm
-name
AssetImportWorker0
-projectPath
C:/Users/Yash Mathur/maze game
-logFile
Logs/AssetImportWorker0.log
-srvPort
59772
Successfully changed project path to: C:/Users/Yash Mathur/maze game
C:/Users/Yash Mathur/maze game
Using Asset Import Pipeline V2.
Refreshing native plugins compatible for Editor in 52.56 ms, found 2 plugins.
Preloading 0 native plugins for Editor in 0.00 ms.
Initialize engine version: 2020.3.25f1 (9b9180224418)
[Subsystems] Discovering subsystems at path C:/Program Files/Unity 2020.3.25f1/Editor/Data/Resources/UnitySubsystems
[Subsystems] Discovering subsystems at path C:/Users/Yash Mathur/maze game/Assets
GfxDevice: creating device client; threaded=0
Direct3D:
    Version:  Direct3D 11.0 [level 11.1]
    Renderer: AMD Radeon(TM) Graphics (ID=0x164c)
    Vendor:   
    VRAM:     3764 MB
    Driver:   30.0.13014.8
Initialize mono
Mono path[0] = 'C:/Program Files/Unity 2020.3.25f1/Editor/Data/Managed'
Mono path[1] = 'C:/Program Files/Unity 2020.3.25f1/Editor/Data/MonoBleedingEdge/lib/mono/unityjit'
Mono config path = 'C:/Program Files/Unity 2020.3.25f1/Editor/Data/MonoBleedingEdge/etc'
Using monoOptions --debugger-agent=transport=dt_socket,embedding=1,server=y,suspend=n,address=127.0.0.1:56856
Begin MonoManager ReloadAssembly
Registering precompiled unity dll's ...
Register platform support module: C:/Program Files/Unity 2020.3.25f1/Editor/Data/PlaybackEngines/WindowsStandaloneSupport/UnityEditor.WindowsStandalone.Extensions.dll
Registered in 0.003881 seconds.
Native extension for WindowsStandalone target not found
Refreshing native plugins compatible for Editor in 34.05 ms, found 2 plugins.
Preloading 0 native plugins for Editor in 0.00 ms.
Mono: successfully reloaded assembly
- Completed reload, in  0.780 seconds
Domain Reload Profiling:
	ReloadAssembly (780ms)
		BeginReloadAssembly (96ms)
			ExecutionOrderSort (0ms)
			DisableScriptedObjects (0ms)
			BackupInstance (0ms)
			ReleaseScriptingObjects (0ms)
			CreateAndSetChildDomain (1ms)
		EndReloadAssembly (580ms)
			LoadAssemblies (93ms)
			RebuildTransferFunctionScriptingTraits (0ms)
			SetupTypeCache (209ms)
			ReleaseScriptCaches (0ms)
			RebuildScriptCaches (39ms)
			SetupLoadedEditorAssemblies (179ms)
				LogAssemblyErrors (0ms)
				InitializePlatformSupportModulesInManaged (6ms)
				SetLoadedEditorAssemblies (0ms)
				RefreshPlugins (34ms)
				BeforeProcessingInitializeOnLoad (14ms)
				ProcessInitializeOnLoadAttributes (90ms)
				ProcessInitializeOnLoadMethodAttributes (34ms)
				AfterProcessingInitializeOnLoad (0ms)
				EditorAssembliesLoaded (0ms)
			ExecutionOrderSort2 (0ms)
			AwakeInstancesAfterBackupRestoration (0ms)
Platform modules already initialized, skipping
Registering precompiled user dll's ...
Registered in 0.015428 seconds.
Begin MonoManager ReloadAssembly
Native extension for WindowsStandalone target not found
Refreshing native plugins compatible for Editor in 0.89 ms, found 2 plugins.
Preloading 0 native plugins for Editor in 0.00 ms.
Mono: successfully reloaded assembly
- Completed reload, in  1.248 seconds
Domain Reload Profiling:
	ReloadAssembly (1250ms)
		BeginReloadAssembly (179ms)
			ExecutionOrderSort (0ms)
			DisableScriptedObjects (5ms)
			BackupInstance (0ms)
			ReleaseScriptingObjects (0ms)
			CreateAndSetChildDomain (30ms)
		EndReloadAssembly (973ms)
			LoadAssemblies (126ms)
			RebuildTransferFunctionScriptingTraits (0ms)
			SetupTypeCache (309ms)
			ReleaseScriptCaches (0ms)
			RebuildScriptCaches (47ms)
			SetupLoadedEditorAssemblies (386ms)
				LogAssemblyErrors (0ms)
				InitializePlatformSupportModulesInManaged (6ms)
				SetLoadedEditorAssemblies (1ms)
				RefreshPlugins (1ms)
				BeforeProcessingInitializeOnLoad (101ms)
				ProcessInitializeOnLoadAttributes (242ms)
				ProcessInitializeOnLoadMethodAttributes (24ms)
				AfterProcessingInitializeOnLoad (10ms)
				EditorAssembliesLoaded (1ms)
			ExecutionOrderSort2 (0ms)
			AwakeInstancesAfterBackupRestoration (12ms)
Platform modules already initialized, skipping
========================================================================
Worker process is ready to serve import requests
Launched and connected shader compiler UnityShaderCompiler.exe after 0.08 seconds
Refreshing native plugins compatible for Editor in 0.80 ms, found 2 plugins.
Preloading 0 native plugins for Editor in 0.00 ms.
Unloading 1500 Unused Serialized files (Serialized files now loaded: 0)
System memory in use before: 67.4 MB.
System memory in use after: 67.5 MB.

Unloading 19 unused Assets to reduce memory usage. Loaded Objects now: 1932.
Total: 3.981100 ms (FindLiveObjects: 0.224300 ms CreateObjectMapping: 0.044700 ms MarkObjects: 3.605600 ms  DeleteObjects: 0.104300 ms)

AssetImportParameters requested are different than current active one (requested -> active):
  custom:framework-win-MediaFoundation: 216162199b28c13a410421893ffa2e32 -> 
  custom:video-decoder-ogg-theora: a1e56fd34408186e4bbccfd4996cb3dc -> 
  custom:container-muxer-webm: aa71ff27fc2769a1b78a27578f13a17b -> 
  custom:container-demuxer-webm: 4f35f7cbe854078d1ac9338744f61a02 -> 
  custom:container-demuxer-ogg: 62fdf1f143b41e24485cea50d1cbac27 -> 
  custom:video-encoder-webm-vp8: eb34c28f22e8b96e1ab97ce403110664 -> 
  custom:video-codec-MediaFoundation-h265: 746d11721c4dcdbdad8f713fa42b33f4 -> 
  custom:video-decoder-webm-vp8: 9c59270c3fd7afecdb556c50c9e8de78 -> 
  custom:audio-decoder-ogg-vorbis: bf7c407c2cedff20999df2af8eb42d56 -> 
  custom:audio-encoder-webm-vorbis: bf7c407c2cedff20999df2af8eb42d56 -> 
========================================================================
Received Import Request.
  path: Assets/Scenes
  artifactKey: Guid(17d6885653050e34fb881b407c506847) Importer(815301076,1909f56bfc062723c751e8b465ee728b)
Start importing Assets/Scenes using Guid(17d6885653050e34fb881b407c506847) Importer(815301076,1909f56bfc062723c751e8b465ee728b)  -> (artifact id: '3da96de6d78ee0427ca42936c47dbf2a') in 0.007724 seconds 
  Import took 0.011347 seconds .

========================================================================
Received Import Request.
  Time since last request: 10.961037 seconds.
  path: Assets/Scenes/New Material.mat
  artifactKey: Guid(5641899a58d5ab94aa38c5989624548d) Importer(815301076,1909f56bfc062723c751e8b465ee728b)
Start importing Assets/Scenes/New Material.mat using Guid(5641899a58d5ab94aa38c5989624548d) Importer(815301076,1909f56bfc062723c751e8b465ee728b)  -> (artifact id: '7f3bd37d766c4fb6a972a89c87a2dda3') in 0.228469 seconds 
  Import took 0.238619 seconds .

========================================================================
Received Import Request.
  Time since last request: 11.394647 seconds.
  path: Assets/Scenes/materials
  artifactKey: Guid(f67126d056e8dda48a21d8970f59fe17) Importer(815301076,1909f56bfc062723c751e8b465ee728b)
Start importing Assets/Scenes/materials using Guid(f67126d056e8dda48a21d8970f59fe17) Importer(815301076,1909f56bfc062723c751e8b465ee728b)  -> (artifact id: '2112ffe5692681b9da6e5527ca46b90e') in 0.014724 seconds 
  Import took 0.020831 seconds .

========================================================================
Received Import Request.
  Time since last request: 19.276088 seconds.
  path: Assets/Scenes/materials/groundColor.mat
  artifactKey: Guid(50c572f9347e4cd4aa740c84f432dded) Importer(815301076,1909f56bfc062723c751e8b465ee728b)
Start importing Assets/Scenes/materials/groundColor.mat using Guid(50c572f9347e4cd4aa740c84f432dded) Importer(815301076,1909f56bfc062723c751e8b465ee728b)  -> (artifact id: 'd72bfa7801c1cc31cdfda8637d892f7d') in 0.027814 seconds 
  Import took 0.038291 seconds .

========================================================================
Received Import Request.
  Time since last request: 31.697416 seconds.
  path: Assets/Scenes/materials/wallColor.mat
  artifactKey: Guid(e7c29ade1ce918e46bb9be44750d44ee) Importer(815301076,1909f56bfc062723c751e8b465ee728b)
Start importing Assets/Scenes/materials/wallColor.mat using Guid(e7c29ade1ce918e46bb9be44750d44ee) Importer(815301076,1909f56bfc062723c751e8b465ee728b)  -> (artifact id: '1017d91f653999c77780999558150fe4') in 0.035468 seconds 
  Import took 0.044770 seconds .

========================================================================
Received Import Request.
  Time since last request: 636.022013 seconds.
  path: Assets/Scenes/materials/playerColor.mat
  artifactKey: Guid(b0dd125206c9683439043475ca971f17) Importer(815301076,1909f56bfc062723c751e8b465ee728b)
Start importing Assets/Scenes/materials/playerColor.mat using Guid(b0dd125206c9683439043475ca971f17) Importer(815301076,1909f56bfc062723c751e8b465ee728b)  -> (artifact id: 'ce03c5659b8f1b9d7af87e33a0e5211e') in 0.052975 seconds 
  Import took 0.063324 seconds .

